<?xml version="1.0" encoding="UTF-8"?>
<robot generator="Robot 7.3 (Python 3.13.3 on win32)" generated="2025-06-12T11:19:04.517303" rpa="false" schemaversion="5">
<suite id="s1" name="DELETE" source="C:\Users\srirx\PycharmProjects\RoboFrame\API\DELETE.robot">
<test id="s1-t1" name="Verify Post request" line="11">
<kw name="Create Session" owner="RequestsLibrary">
<msg time="2025-06-12T11:19:05.123151" level="INFO">Creating Session using : alias=baseURI, url=http://reqres.in/, headers={},                     cookies={}, auth=None, timeout=None, proxies=None, verify=True,                     debug=0 </msg>
<arg>baseURI</arg>
<arg>${base_url}</arg>
<arg>verify=True</arg>
<doc>Create Session: create a HTTP session to a server</doc>
<status status="PASS" start="2025-06-12T11:19:05.122644" elapsed="0.000957"/>
</kw>
<kw name="Create Dictionary" owner="BuiltIn">
<msg time="2025-06-12T11:19:05.125152" level="INFO">&amp;{body} = { name=morpheus job=leader }</msg>
<var>&amp;{body}</var>
<arg>name=morpheus job=leader</arg>
<doc>Creates and returns a dictionary based on the given ``items``.</doc>
<status status="PASS" start="2025-06-12T11:19:05.124601" elapsed="0.000614"/>
</kw>
<kw name="Create Dictionary" owner="BuiltIn">
<msg time="2025-06-12T11:19:05.125858" level="INFO">&amp;{headers} = { content-type=application/json }</msg>
<var>&amp;{headers}</var>
<arg>content-type=application/json</arg>
<doc>Creates and returns a dictionary based on the given ``items``.</doc>
<status status="PASS" start="2025-06-12T11:19:05.125565" elapsed="0.000367"/>
</kw>
<kw name="Create Dictionary" owner="BuiltIn">
<msg time="2025-06-12T11:19:05.126697" level="INFO">&amp;{headers} = { x-api-key=reqres-free-v1 }</msg>
<var>&amp;{headers}</var>
<arg>x-api-key=reqres-free-v1</arg>
<doc>Creates and returns a dictionary based on the given ``items``.</doc>
<status status="PASS" start="2025-06-12T11:19:05.126265" elapsed="0.000473"/>
</kw>
<kw name="PUT On Session" owner="RequestsLibrary">
<msg time="2025-06-12T11:19:05.807694" level="INFO">PUT Request : url=http://reqres.in/api/users/2 (redirected) 
 path_url=/api/users/2 
 headers={'User-Agent': 'python-requests/2.32.4', 'Accept-Encoding': 'gzip, deflate', 'Accept': '*/*', 'Connection': 'keep-alive', 'x-api-key': 'reqres-free-v1', 'Content-Length': '31', 'Content-Type': 'application/json'} 
 body=b'{"name": "morpheus job=leader"}' 
 </msg>
<msg time="2025-06-12T11:19:05.807966" level="INFO">PUT Response : url=https://reqres.in/api/users/2 
 status=200, reason=OK 
 headers={'Date': 'Thu, 12 Jun 2025 05:49:06 GMT', 'Content-Type': 'application/json; charset=utf-8', 'Content-Length': '40', 'Connection': 'keep-alive', 'Cf-Ray': '94e71022182c85f6-BOM', 'Report-To': '{"group":"heroku-nel","max_age":3600,"endpoints":[{"url":"https://nel.heroku.com/reports?ts=1749707346&amp;sid=c4c9725f-1ab0-44d8-820f-430df2718e11&amp;s=7Scb6r647F7qq%2B5WmaBdKK%2F%2BM55%2BginQvISwLZGoZHM%3D"}]}', 'Reporting-Endpoints': 'heroku-nel=https://nel.heroku.com/reports?ts=1749707346&amp;sid=c4c9725f-1ab0-44d8-820f-430df2718e11&amp;s=7Scb6r647F7qq%2B5WmaBdKK%2F%2BM55%2BginQvISwLZGoZHM%3D', 'Nel': '{"report_to":"heroku-nel","max_age":3600,"success_fraction":0.005,"failure_fraction":0.05,"response_headers":["Via"]}', 'X-Powered-By': 'Express', 'Access-Control-Allow-Origin': '*', 'Ratelimit-Policy': '100;w=60', 'Ratelimit-Limit': '100', 'Ratelimit-Remaining': '98', 'Ratelimit-Reset': '60', 'Etag': 'W/"28-7C1sgQJiMqDcX0QCf5fBwiSmHV4"', 'Via': '1.1 vegur', 'Cf-Cache-Status': 'DYNAMIC', 'Vary': 'Accept-Encoding', 'Server': 'cloudflare', 'server-timing': 'cfL4;desc="?proto=TCP&amp;rtt=26955&amp;min_rtt=26820&amp;rtt_var=7662&amp;sent=4&amp;recv=7&amp;lost=0&amp;retrans=0&amp;sent_bytes=2833&amp;recv_bytes=816&amp;delivery_rate=107950&amp;cwnd=193&amp;unsent_bytes=0&amp;cid=f2bc1f7388fbf142&amp;ts=366&amp;x=0"'} 
 body={"updatedAt":"2025-06-12T05:49:06.483Z"} 
 </msg>
<msg time="2025-06-12T11:19:05.808258" level="INFO">${response} = &lt;Response [200]&gt;</msg>
<var>${response}</var>
<arg>baseURI</arg>
<arg>${Servicename}</arg>
<arg>json=${body}</arg>
<arg>headers=${headers}</arg>
<doc>Sends a PUT request on a previously created HTTP Session.</doc>
<status status="PASS" start="2025-06-12T11:19:05.127040" elapsed="0.681321"/>
</kw>
<kw name="Log" owner="BuiltIn">
<msg time="2025-06-12T11:19:05.809473" level="INFO">&lt;Response [200]&gt;</msg>
<arg>${response}</arg>
<doc>Logs the given message with the given level.</doc>
<status status="PASS" start="2025-06-12T11:19:05.809196" elapsed="0.000343"/>
</kw>
<kw name="Log" owner="BuiltIn">
<msg time="2025-06-12T11:19:05.810515" level="INFO">200</msg>
<arg>${response.status_code}</arg>
<doc>Logs the given message with the given level.</doc>
<status status="PASS" start="2025-06-12T11:19:05.809878" elapsed="0.000708"/>
</kw>
<status status="PASS" start="2025-06-12T11:19:05.121428" elapsed="0.689578"/>
</test>
<status status="PASS" start="2025-06-12T11:19:04.521649" elapsed="1.291226"/>
</suite>
<statistics>
<total>
<stat pass="1" fail="0" skip="0">All Tests</stat>
</total>
<tag>
</tag>
<suite>
<stat name="DELETE" id="s1" pass="1" fail="0" skip="0">DELETE</stat>
</suite>
</statistics>
<errors>
</errors>
</robot>
